<?xml version="1.0" encoding="UTF-8"?>
<testng-results skipped="0" failed="0" ignored="0" total="3" passed="3">
  <reporter-output>
  </reporter-output>
  <suite name="Default suite" duration-ms="4646" started-at="2018-07-31T12:35:04Z" finished-at="2018-07-31T12:35:09Z">
    <groups>
    </groups>
    <test name="Default test" duration-ms="4646" started-at="2018-07-31T12:35:04Z" finished-at="2018-07-31T12:35:09Z">
      <class name="SimpleGetTest">
        <test-method status="PASS" signature="DisplayAllNodesInWeatherAPI()[pri:0, instance:SimpleGetTest@5034c75a]" name="DisplayAllNodesInWeatherAPI" duration-ms="2727" started-at="2018-07-31T18:05:04Z" finished-at="2018-07-31T18:05:07Z">
          <reporter-output>
          </reporter-output>
        </test-method> <!-- DisplayAllNodesInWeatherAPI -->
        <test-method status="PASS" signature="GetWeatherDetails()[pri:0, instance:SimpleGetTest@5034c75a]" name="GetWeatherDetails" duration-ms="856" started-at="2018-07-31T18:05:07Z" finished-at="2018-07-31T18:05:08Z">
          <reporter-output>
          </reporter-output>
        </test-method> <!-- GetWeatherDetails -->
        <test-method status="PASS" signature="RegistrationSuccessful()[pri:0, instance:SimpleGetTest@5034c75a]" name="RegistrationSuccessful" duration-ms="1046" started-at="2018-07-31T18:05:08Z" finished-at="2018-07-31T18:05:09Z">
          <reporter-output>
          </reporter-output>
        </test-method> <!-- RegistrationSuccessful -->
      </class> <!-- SimpleGetTest -->
    </test> <!-- Default test -->
  </suite> <!-- Default suite -->
</testng-results>
